########### array before sorts ###########
0	0.000000	0.000000	142.220000	0.000000	n
1	142.220000	0.000000	142.093000	101.016000	n
2	142.093000	101.016000	-0.127000	101.016000	n
3	-0.127000	101.016000	0.000000	0.000000	n
Tolerance=0.050000.
*Exact match for i=0 and j=1.
*i point 0.000000	0.000000	142.220000	0.000000	y
*Exact match for i=1 and j=2.
*i point 142.220000	0.000000	142.093000	101.016000	y
*Exact match for i=2 and j=3.
*i point 142.093000	101.016000	-0.127000	101.016000	y
########### array after sorts ###########
0	0.000000	0.000000	142.220000	0.000000	y
1	142.220000	0.000000	142.093000	101.016000	y
2	142.093000	101.016000	-0.127000	101.016000	y
3	-0.127000	101.016000	0.000000	0.000000	y
***************
.BOARD_OUTLINE UNOWNED
1.8
0     0.000000     0.000000     0
0     142.220000     0.000000     0
0     142.093000     101.016000     0
0     -0.127000     101.016000     0
0     0.000000     0.000000     0
